This is pdfTeXk, Version 3.141592-1.40.3 (Web2C 7.5.6) (format=pdflatex 2012.8.28)  1 AUG 2016 19:37
entering extended mode
 %&-line parsing enabled.
**relnonrel_manual.tex
(./relnonrel_manual.tex
LaTeX2e <2005/12/01>
Babel <v3.8h> and hyphenation patterns for english, usenglishmax, dumylang, noh
yphenation, arabic, basque, bulgarian, coptic, welsh, czech, slovak, german, ng
erman, danish, esperanto, spanish, catalan, galician, estonian, farsi, finnish,
 french, greek, monogreek, ancientgreek, croatian, hungarian, interlingua, ibyc
us, indonesian, icelandic, italian, latin, mongolian, dutch, norsk, polish, por
tuguese, pinyin, romanian, russian, slovenian, uppersorbian, serbian, swedish, 
turkish, ukenglish, ukrainian, loaded.
(/usr/share/texmf/tex/latex/base/article.cls
Document Class: article 2005/09/16 v1.4f Standard LaTeX document class
(/usr/share/texmf/tex/latex/base/size11.clo
File: size11.clo 2005/09/16 v1.4f Standard LaTeX file (size option)
)
\c@part=\count79
\c@section=\count80
\c@subsection=\count81
\c@subsubsection=\count82
\c@paragraph=\count83
\c@subparagraph=\count84
\c@figure=\count85
\c@table=\count86
\abovecaptionskip=\skip41
\belowcaptionskip=\skip42
\bibindent=\dimen102
)
(/usr/share/texmf/tex/latex/psnfss/times.sty
Package: times 2005/04/12 PSNFSS-v9.2a (SPQR) 
)
(/usr/share/texmf/tex/latex/preprint/fullpage.sty
Package: fullpage 1999/02/23 1.1 (PWD)
\FP@margin=\skip43
)
(/usr/share/texmf/tex/generic/oberdiek/ifpdf.sty
Package: ifpdf 2006/02/20 v1.4 Provides the ifpdf switch (HO)
Package ifpdf Info: pdfTeX in pdf mode detected.
)
(/usr/share/texmf/tex/latex/graphics/graphicx.sty
Package: graphicx 1999/02/16 v1.0f Enhanced LaTeX Graphics (DPC,SPQR)

(/usr/share/texmf/tex/latex/graphics/keyval.sty
Package: keyval 1999/03/16 v1.13 key=value parser (DPC)
\KV@toks@=\toks14
)
(/usr/share/texmf/tex/latex/graphics/graphics.sty
Package: graphics 2006/02/20 v1.0o Standard LaTeX Graphics (DPC,SPQR)

(/usr/share/texmf/tex/latex/graphics/trig.sty
Package: trig 1999/03/16 v1.09 sin cos tan (DPC)
)
(/usr/share/texmf/tex/latex/config/graphics.cfg
File: graphics.cfg 2007/01/18 v1.5 graphics configuration of teTeX/TeXLive
)
Package graphics Info: Driver file: pdftex.def on input line 90.

(/usr/share/texmf/tex/latex/pdftex-def/pdftex.def
File: pdftex.def 2007/01/08 v0.04d Graphics/color for pdfTeX
\Gread@gobject=\count87
))
\Gin@req@height=\dimen103
\Gin@req@width=\dimen104
)
(/usr/share/texmf/tex/latex/hyperref/hyperref.sty
Package: hyperref 2007/02/07 v6.75r Hypertext links for LaTeX
\@linkdim=\dimen105
\Hy@linkcounter=\count88
\Hy@pagecounter=\count89

(/usr/share/texmf/tex/latex/hyperref/pd1enc.def
File: pd1enc.def 2007/02/07 v6.75r Hyperref: PDFDocEncoding definition (HO)
)
(/usr/share/texmf/tex/latex/config/hyperref.cfg
File: hyperref.cfg 2002/06/06 v1.2 hyperref configuration of TeXLive
)
(/usr/share/texmf/tex/latex/oberdiek/kvoptions.sty
Package: kvoptions 2006/08/22 v2.4 Connects package keyval with LaTeX options (
HO)
)

Package hyperref Warning: Token not allowed in a PDFDocEncoded string,
(hyperref)                removing `\unhbox' on input line 2238.


Package hyperref Warning: Token not allowed in a PDFDocEncoded string,
(hyperref)                removing `\voidb@x' on input line 2238.

Package hyperref Info: Option `linktocpage' set `true' on input line 2238.

Package hyperref Warning: Values of option `pdfpagemode':
(hyperref)                * `UseNone'
(hyperref)                * `UseOutlines'
(hyperref)                * `UseThumbs'
(hyperref)                * `FullScreen'
(hyperref)                * `UseOC' (PDF 1.5)
(hyperref)                * `UseAttachments' (PDF 1.6)
(hyperref)                * An empty value disables the option.
(hyperref)                Unknown value `Fullscreen' on input line 2238.

Package hyperref Info: Option `bookmarks' set `false' on input line 2238.
Package hyperref Info: Option `bookmarksopen' set `false' on input line 2238.
Package hyperref Info: Option `colorlinks' set `true' on input line 2238.
Package hyperref Info: Hyper figures OFF on input line 2288.
Package hyperref Info: Link nesting OFF on input line 2293.
Package hyperref Info: Hyper index ON on input line 2296.
Package hyperref Info: Plain pages OFF on input line 2303.
Package hyperref Info: Backreferencing OFF on input line 2308.
Implicit mode ON; LaTeX internals redefined
Package hyperref Info: Bookmarks OFF on input line 2450.
(/usr/share/texmf/tex/latex/ltxmisc/url.sty
\Urlmuskip=\muskip10
Package: url 2005/06/27  ver 3.2  Verb mode for urls, etc.
)
LaTeX Info: Redefining \url on input line 2599.
\Fld@menulength=\count90
\Field@Width=\dimen106
\Fld@charsize=\dimen107
\Choice@toks=\toks15
\Field@toks=\toks16
Package hyperref Info: Hyper figures OFF on input line 3102.
Package hyperref Info: Link nesting OFF on input line 3107.
Package hyperref Info: Hyper index ON on input line 3110.
Package hyperref Info: backreferencing OFF on input line 3117.
Package hyperref Info: Link coloring ON on input line 3120.
\Hy@abspage=\count91
\c@Item=\count92
\c@Hfootnote=\count93
)
*hyperref using driver hpdftex*
(/usr/share/texmf/tex/latex/hyperref/hpdftex.def
File: hpdftex.def 2007/02/07 v6.75r Hyperref driver for pdfTeX
\Fld@listcount=\count94
)
(/usr/share/texmf/tex/latex/natbib/natbib.sty
Package: natbib 2007/02/05 8.0 (PWD)
\bibhang=\skip44
\bibsep=\skip45
LaTeX Info: Redefining \cite on input line 602.
\c@NAT@ctr=\count95
)
(/usr/share/texmf/tex/latex/graphics/color.sty
Package: color 2005/11/14 v1.0j Standard LaTeX Color (DPC)

(/usr/share/texmf/tex/latex/config/color.cfg
File: color.cfg 2007/01/18 v1.5 color configuration of teTeX/TeXLive
)
Package color Info: Driver file: pdftex.def on input line 130.

(/usr/share/texmf/tex/latex/graphics/dvipsnam.def
File: dvipsnam.def 1999/02/16 v3.0i Driver-dependant file (DPC,SPQR)
))
(/usr/share/texmf/tex/latex/enumitem/enumitem.sty
Package: enumitem 2005/05/12 v1.1 Customized lists
\labelindent=\skip46
\enit@outerparindent=\dimen108
)
(/usr/share/texmf/tex/latex/amsfonts/amssymb.sty
Package: amssymb 2002/01/22 v2.2d

(/usr/share/texmf/tex/latex/amsfonts/amsfonts.sty
Package: amsfonts 2001/10/25 v2.2f
\@emptytoks=\toks17
\symAMSa=\mathgroup4
\symAMSb=\mathgroup5
LaTeX Font Info:    Overwriting math alphabet `\mathfrak' in version `bold'
(Font)                  U/euf/m/n --> U/euf/b/n on input line 132.
))
(/usr/share/texmf/tex/latex/amsmath/amsmath.sty
Package: amsmath 2000/07/18 v2.13 AMS math features
\@mathmargin=\skip47

For additional information on amsmath, use the `?' option.
(/usr/share/texmf/tex/latex/amsmath/amstext.sty
Package: amstext 2000/06/29 v2.01

(/usr/share/texmf/tex/latex/amsmath/amsgen.sty
File: amsgen.sty 1999/11/30 v2.0
\@emptytoks=\toks18
\ex@=\dimen109
))
(/usr/share/texmf/tex/latex/amsmath/amsbsy.sty
Package: amsbsy 1999/11/29 v1.2d
\pmbraise@=\dimen110
)
(/usr/share/texmf/tex/latex/amsmath/amsopn.sty
Package: amsopn 1999/12/14 v2.01 operator names
)
\inf@bad=\count96
LaTeX Info: Redefining \frac on input line 211.
\uproot@=\count97
\leftroot@=\count98
LaTeX Info: Redefining \overline on input line 307.
\classnum@=\count99
\DOTSCASE@=\count100
LaTeX Info: Redefining \ldots on input line 379.
LaTeX Info: Redefining \dots on input line 382.
LaTeX Info: Redefining \cdots on input line 467.
\Mathstrutbox@=\box26
\strutbox@=\box27
\big@size=\dimen111
LaTeX Font Info:    Redeclaring font encoding OML on input line 567.
LaTeX Font Info:    Redeclaring font encoding OMS on input line 568.
\macc@depth=\count101
\c@MaxMatrixCols=\count102
\dotsspace@=\muskip11
\c@parentequation=\count103
\dspbrk@lvl=\count104
\tag@help=\toks19
\row@=\count105
\column@=\count106
\maxfields@=\count107
\andhelp@=\toks20
\eqnshift@=\dimen112
\alignsep@=\dimen113
\tagshift@=\dimen114
\tagwidth@=\dimen115
\totwidth@=\dimen116
\lineht@=\dimen117
\@envbody=\toks21
\multlinegap=\skip48
\multlinetaggap=\skip49
\mathdisplay@stack=\toks22
LaTeX Info: Redefining \[ on input line 2666.
LaTeX Info: Redefining \] on input line 2667.
)
(/usr/share/texmf/tex/latex/psnfss/courier.sty
Package: courier 2005/04/12 PSNFSS-v9.2a (WaS) 
) (./aas_macros.sty)
(/usr/share/texmf/tex/latex/subfig/subfig.sty
Package: subfig 2005/06/28 ver: 1.3 subfig package

(/usr/share/texmf/tex/latex/caption/caption.sty
Package: caption 2007/01/07 v3.0k Customising captions (AR)

(/usr/share/texmf/tex/latex/caption/caption3.sty
Package: caption3 2007/01/07 v3.0k caption3 kernel (AR)
\captionmargin=\dimen118
\captionmarginx=\dimen119
\captionwidth=\dimen120
\captionindent=\dimen121
\captionparindent=\dimen122
\captionhangindent=\dimen123
)
Package caption Info: hyperref package v6.74m (or newer) detected on input line
 304.
)
\c@KVtest=\count108
\sf@farskip=\skip50
\sf@captopadj=\dimen124
\sf@capskip=\skip51
\sf@nearskip=\skip52
\c@subfigure=\count109
\c@subfigure@save=\count110
\c@lofdepth=\count111
\c@subtable=\count112
\c@subtable@save=\count113
\c@lotdepth=\count114
\sf@top=\skip53
\sf@bottom=\skip54
)
(/usr/share/texmf/tex/latex/graphics/epsfig.sty
Package: epsfig 1999/02/16 v1.7a (e)psfig emulation (SPQR)
\epsfxsize=\dimen125
\epsfysize=\dimen126
)
(/usr/share/texmf/tex/latex/ltxmisc/cancel.sty
Package: cancel 2000/03/12 v2.1 Cancel math terms
) (./math_def.tex)
(./relnonrel_manual.aux)
\openout1 = `relnonrel_manual.aux'.

LaTeX Font Info:    Checking defaults for OML/cmm/m/it on input line 42.
LaTeX Font Info:    ... okay on input line 42.
LaTeX Font Info:    Checking defaults for T1/cmr/m/n on input line 42.
LaTeX Font Info:    ... okay on input line 42.
LaTeX Font Info:    Checking defaults for OT1/cmr/m/n on input line 42.
LaTeX Font Info:    ... okay on input line 42.
LaTeX Font Info:    Checking defaults for OMS/cmsy/m/n on input line 42.
LaTeX Font Info:    ... okay on input line 42.
LaTeX Font Info:    Checking defaults for OMX/cmex/m/n on input line 42.
LaTeX Font Info:    ... okay on input line 42.
LaTeX Font Info:    Checking defaults for U/cmr/m/n on input line 42.
LaTeX Font Info:    ... okay on input line 42.
LaTeX Font Info:    Checking defaults for PD1/pdf/m/n on input line 42.
LaTeX Font Info:    ... okay on input line 42.
LaTeX Font Info:    Try loading font information for OT1+ptm on input line 42.
 (/usr/share/texmf/tex/latex/psnfss/ot1ptm.fd
File: ot1ptm.fd 2001/06/04 font definitions for OT1/ptm.
)
Package hyperref Info: Link coloring ON on input line 42.

(/usr/share/texmf/tex/latex/hyperref/nameref.sty
Package: nameref 2006/12/27 v2.28 Cross-referencing by name of section

(/usr/share/texmf/tex/latex/oberdiek/refcount.sty
Package: refcount 2006/02/20 v3.0 Data extraction from references (HO)
)
\c@section@level=\count115
)
LaTeX Info: Redefining \ref on input line 42.
LaTeX Info: Redefining \pageref on input line 42.

(/usr/share/texmf/tex/latex/ragged2e/ragged2e.sty
Package: ragged2e 2003/03/25 v2.04 ragged2e Package (MS)

(/usr/share/texmf/tex/latex/everysel/everysel.sty
Package: everysel 1999/06/08 v1.03 EverySelectfont Package (MS)
LaTeX Info: Redefining \selectfont on input line 125.
)
\CenteringLeftskip=\skip55
\RaggedLeftLeftskip=\skip56
\RaggedRightLeftskip=\skip57
\CenteringRightskip=\skip58
\RaggedLeftRightskip=\skip59
\RaggedRightRightskip=\skip60
\CenteringParfillskip=\skip61
\RaggedLeftParfillskip=\skip62
\RaggedRightParfillskip=\skip63
\JustifyingParfillskip=\skip64
\CenteringParindent=\skip65
\RaggedLeftParindent=\skip66
\RaggedRightParindent=\skip67
\JustifyingParindent=\skip68
)
Package caption Info: subref 1.2 or 1.3 detected on input line 42.
LaTeX Info: Redefining \subref on input line 42.
LaTeX Font Info:    Font shape `OT1/ptm/bx/n' in size <17.28> not available
(Font)              Font shape `OT1/ptm/b/n' tried instead on input line 50.
LaTeX Font Info:    Font shape `OT1/ptm/bx/sc' in size <17.28> not available
(Font)              Font shape `OT1/ptm/b/sc' tried instead on input line 50.
LaTeX Font Info:    Try loading font information for U+msa on input line 50.

(/usr/share/texmf/tex/latex/amsfonts/umsa.fd
File: umsa.fd 2002/01/19 v2.2g AMS font definitions
)
LaTeX Font Info:    Try loading font information for U+msb on input line 50.

(/usr/share/texmf/tex/latex/amsfonts/umsb.fd
File: umsb.fd 2002/01/19 v2.2g AMS font definitions
)
LaTeX Font Info:    Font shape `OT1/ptm/bx/n' in size <12> not available
(Font)              Font shape `OT1/ptm/b/n' tried instead on input line 50.
LaTeX Font Info:    Font shape `OT1/ptm/bx/it' in size <12> not available
(Font)              Font shape `OT1/ptm/b/it' tried instead on input line 50.
LaTeX Font Info:    Font shape `OT1/ptm/bx/n' in size <14.4> not available
(Font)              Font shape `OT1/ptm/b/n' tried instead on input line 53.
LaTeX Font Info:    Font shape `OT1/ptm/bx/n' in size <10.95> not available
(Font)              Font shape `OT1/ptm/b/n' tried instead on input line 61.


Package natbib Warning: Citation `paper:Guilianietal2005' on page 1 undefined o
n input line 61.


Package natbib Warning: Citation `paper:GradyNeukirch2009' on page 1 undefined 
on input line 61.


Package natbib Warning: Citation `paper:Gradyetal2012' on page 1 undefined on i
nput line 61.


Package natbib Warning: Citation `paper:Wilmot-SmithHornig2011' on page 1 undef
ined on input line 61.

LaTeX Font Info:    Try loading font information for OT1+pcr on input line 61.
(/usr/share/texmf/tex/latex/psnfss/ot1pcr.fd
File: ot1pcr.fd 2001/06/04 font definitions for OT1/pcr.
)

Package natbib Warning: Citation `paper:LareXd2001' on page 1 undefined on inpu
t line 61.


Package natbib Warning: Citation `paper:Wilmot-SmithHornig2011' on page 1 undef
ined on input line 69.

[1

{/var/lib/texmf/fonts/map/pdftex/updmap/pdftex.map}]

Package natbib Warning: Citation `paper:Wilmot-SmithHornig2011' on page 2 undef
ined on input line 73.

<figs/Wilmot-SmithHornig_Fig1.png, id=22, 462.72874pt x 877.2775pt>
File: figs/Wilmot-SmithHornig_Fig1.png Graphic file (type png)

<use figs/Wilmot-SmithHornig_Fig1.png>

Package natbib Warning: Citation `paper:Wilmot-SmithHornig2011' on page 2 undef
ined on input line 77.


Package natbib Warning: Citation `paper:Wilmot-SmithHornig2011' on page 2 undef
ined on input line 77.

[2 <./figs/Wilmot-SmithHornig_Fig1.png (PNG copy)>]

Package natbib Warning: Citation `book:Northrop1963' on page 3 undefined on inp
ut line 119.

[3]

Package natbib Warning: Citation `book:Northrop1963' on page 4 undefined on inp
ut line 156.


Package natbib Warning: Citation `paper:Vandervoort1960' on page 4 undefined on
 input line 156.

[4]
LaTeX Font Info:    Try loading font information for OMS+ptm on input line 197.

 (/usr/share/texmf/tex/latex/psnfss/omsptm.fd
File: omsptm.fd 
)
LaTeX Font Info:    Font shape `OMS/ptm/m/n' in size <10.95> not available
(Font)              Font shape `OMS/cmsy/m/n' tried instead on input line 197.
 [5]
Overfull \hbox (44.85973pt too wide) in paragraph at lines 202--204
\OT1/ptm/m/n/10.95 non-relativistic pro-gram is in use. These are grouped in \O
T1/pcr/m/n/10.95 src/core/nr[]rkmods/ \OT1/ptm/m/n/10.95 and \OT1/pcr/m/n/10.95
 src/core/r[]rkmods/
 []


Overfull \hbox (31.3901pt too wide) in paragraph at lines 208--210
\OT1/ptm/m/n/10.95 nor the drift equa-tions. We can pre-scribe this in-for-ma-t
ion us-ing sev-eral mod-ules in \OT1/pcr/m/n/10.95 src/core/othermods/\OT1/ptm/
m/n/10.95 . 
 []


Overfull \hbox (28.20679pt too wide) in paragraph at lines 210--211
\OT1/ptm/m/n/10.95 fields de-fined in \OT1/pcr/m/n/10.95 separatorfields[]mod.f
90\OT1/ptm/m/n/10.95 , \OT1/pcr/m/n/10.95 CMTfields[]mod.f90\OT1/ptm/m/n/10.95 
, \OT1/pcr/m/n/10.95 testfields[]mod.f90
 []


Overfull \hbox (41.95705pt too wide) in paragraph at lines 218--220
\OT1/ptm/m/n/10.95 Subroutines re-quired to adapt glob-als fields from datafile
s out-put by LareXd are found in \OT1/pcr/m/n/10.95 src/core/lare[]io/\OT1/ptm/
m/n/10.95 .
 []

<figs/rnrcode_layoutv2.png, id=101, 1453.43pt x 899.36pt>
File: figs/rnrcode_layoutv2.png Graphic file (type png)

<use figs/rnrcode_layoutv2.png>
Underfull \hbox (badness 10000) in paragraph at lines 234--235

 []

[6]
Underfull \hbox (badness 10000) in paragraph at lines 236--266

 []

[7 <./figs/rnrcode_layoutv2.png (PNG copy)>] [8] [9]
Underfull \hbox (badness 10000) in paragraph at lines 319--320

 []

LaTeX Font Info:    Font shape `OT1/pcr/bx/n' in size <10.95> not available
(Font)              Font shape `OT1/pcr/b/n' tried instead on input line 336.
[10]
Overfull \hbox (33.21152pt too wide) in paragraph at lines 383--383
[]\OT1/pcr/m/n/10.95 ** Structure <11d16b68>, 16 tags, length=52000, data lengt
h=52000, refs=1:[] 
 []

[11]
LaTeX Font Info:    Font shape `OT1/pcr/m/it' in size <10.95> not available
(Font)              Font shape `OT1/pcr/m/sl' tried instead on input line 398.
 [12]
Overfull \hbox (9.74219pt too wide) in paragraph at lines 449--450
\OT1/ptm/m/n/10.95 graph-ics ob-ject. For ex-am-ple, hav-ing read in a se-ries 
of par-ti-cle po-si-tions us-ing \OT1/pcr/m/n/10.95 getndata \OT1/ptm/m/n/10.95
 or \OT1/pcr/m/n/10.95 getrdata\OT1/ptm/m/n/10.95 ,
 []

<figs/manual1.png, id=146, 1004.75375pt x 937.5025pt>
File: figs/manual1.png Graphic file (type png)
 <use figs/manual1.png>
<figs/manual2.png, id=147, 936.49875pt x 934.49126pt>
File: figs/manual2.png Graphic file (type png)
 <use figs/manual2.png>
<figs/manual3.png, id=148, 877.2775pt x 934.49126pt>
File: figs/manual3.png Graphic file (type png)
 <use figs/manual3.png>
[13 <./figs/manual1.png (PNG copy)> <./figs/manual2.png (PNG copy)> <./figs/man
ual3.png (PNG copy)>]
<figs/iniB_plusnullsep.png, id=162, 894.34125pt x 937.5025pt>
File: figs/iniB_plusnullsep.png Graphic file (type png)

<use figs/iniB_plusnullsep.png>
<figs/iniB_plusnullseplarge.png, id=163, 758.835pt x 668.4975pt>
File: figs/iniB_plusnullseplarge.png Graphic file (type png)

<use figs/iniB_plusnullseplarge.png> [14]
<figs/final_particletracks.png, id=175, 1031.855pt x 904.37875pt>
File: figs/final_particletracks.png Graphic file (type png)

<use figs/final_particletracks.png>
<figs/final_particlepositions.png, id=176, 867.24pt x 836.12375pt>
File: figs/final_particlepositions.png Graphic file (type png)

<use figs/final_particlepositions.png>
<figs/final_colourscale.png, id=177, 256.96pt x 513.92pt>
File: figs/final_colourscale.png Graphic file (type png)

<use figs/final_colourscale.png> [15 <./figs/iniB_plusnullsep.png (PNG copy)> <
./figs/iniB_plusnullseplarge.png (PNG copy)>]
LaTeX Font Info:    Font shape `OT1/pcr/bx/n' in size <12> not available
(Font)              Font shape `OT1/pcr/b/n' tried instead on input line 546.
 [16 <./figs/final_particletracks.png (PNG copy)> <./figs/final_particlepositio
ns.png (PNG copy)> <./figs/final_colourscale.png>]
No file relnonrel_manual.bbl.

Package natbib Warning: There were undefined citations.

(./relnonrel_manual.aux) ) 
Here is how much of TeX's memory you used:
 5253 strings out of 256216
 71052 string characters out of 1917072
 142143 words of memory out of 1500000
 8330 multiletter control sequences out of 10000+200000
 37930 words of font info for 98 fonts, out of 1200000 for 2000
 645 hyphenation exceptions out of 8191
 43i,19n,42p,1136b,442s stack positions out of 5000i,500n,6000p,200000b,15000s
{/usr/share/texmf/fonts/enc/dvips/base/8r.enc}</usr/s
hare/texmf/fonts/type1/bluesky/cm/cmbsy10.pfb></usr/share/texmf/fonts/type1/blu
esky/cm/cmbx10.pfb></usr/share/texmf/fonts/type1/bluesky/cm/cmex10.pfb></usr/sh
are/texmf/fonts/type1/bluesky/cm/cmmi10.pfb></usr/share/texmf/fonts/type1/blues
ky/cm/cmmi8.pfb></usr/share/texmf/fonts/type1/bluesky/cm/cmr10.pfb></usr/share/
texmf/fonts/type1/bluesky/cm/cmr6.pfb></usr/share/texmf/fonts/type1/bluesky/cm/
cmr8.pfb></usr/share/texmf/fonts/type1/bluesky/cm/cmsy10.pfb></usr/share/texmf/
fonts/type1/bluesky/cm/cmsy6.pfb></usr/share/texmf/fonts/type1/bluesky/cm/cmsy8
.pfb></usr/share/texmf/fonts/type1/bluesky/latex-fonts/line10.pfb></usr/share/t
exmf/fonts/type1/urw/courier/ucrb8a.pfb></usr/share/texmf/fonts/type1/urw/couri
er/ucrr8a.pfb></usr/share/texmf/fonts/type1/urw/courier/ucrro8a.pfb></usr/share
/texmf/fonts/type1/urw/times/utmb8a.pfb></usr/share/texmf/fonts/type1/urw/times
/utmbi8a.pfb></usr/share/texmf/fonts/type1/urw/times/utmr8a.pfb></usr/share/tex
mf/fonts/type1/urw/times/utmri8a.pfb>
Output written on relnonrel_manual.pdf (16 pages, 989101 bytes).
PDF statistics:
 278 PDF objects out of 1000 (max. 8388607)
 77 named destinations out of 1000 (max. 131072)
 67 words of extra memory for PDF output out of 10000 (max. 10000000)

